C51 COMPILER V9.59.0.0   UART                                                              11/04/2018 13:19:11 PAGE 1   


C51 COMPILER V9.59.0.0, COMPILATION OF MODULE UART
OBJECT MODULE PLACED IN .\Objects\UART.obj
COMPILER INVOKED BY: C:\Keil_v5\C51\BIN\C51.EXE UART.c OPTIMIZE(8,SPEED) BROWSE DEBUG OBJECTEXTEND PRINT(.\Listings\UART
                    -.lst) TABS(2) OBJECT(.\Objects\UART.obj)

line level    source

   1          #include<reg51.h>
   2          #include <stdio.h>
   3          #include <string.h>
   4          
   5          void uart_init();       //Initialize UART
   6          void timer_init();      // Timer 2 in mode 2
   7          void uart_tx(char x);   //Transmission function
   8          char uart_rx();         //Receiving function
   9          void uart_msg(char *p);         //String transmission
  10          void newLine();
  11          
  12          void main(void){
  13   1        char x;
  14   1        uart_init();
  15   1        x = uart_rx();
  16   1        uart_tx(x);
  17   1      }
  18          
  19          void uart_init(){
  20   1         SCON = 0x50;
  21   1         timer_init();
  22   1      }
  23          
  24          void timer_init(){
  25   1        
  26   1        TMOD = 0x20;
  27   1        TH1 = 0xFD;
  28   1        TR1 = 1;
  29   1      }
  30          
  31          void uart_tx(char x){
  32   1        SBUF = x;
  33   1        
  34   1        while(!TI);
  35   1        
  36   1        TI = 0;
  37   1      }
  38          
  39          char uart_rx(){
  40   1        char x;
  41   1        //REN = 1;
  42   1        while(!RI);
  43   1        x = SBUF;
  44   1        RI = 0;
  45   1        return x;
  46   1      }
  47          
  48          void uart_msg(char *p){
  49   1        
  50   1        while(*p != 0){
  51   2          uart_tx(*p);
  52   2          p++;
  53   2        }
  54   1      }
C51 COMPILER V9.59.0.0   UART                                                              11/04/2018 13:19:11 PAGE 2   

  55          
  56          void newLine(){
  57   1        uart_tx(0x0D);
  58   1      }


MODULE INFORMATION:   STATIC OVERLAYABLE
   CODE SIZE        =     69    ----
   CONSTANT SIZE    =   ----    ----
   XDATA SIZE       =   ----    ----
   PDATA SIZE       =   ----    ----
   DATA SIZE        =   ----    ----
   IDATA SIZE       =   ----    ----
   BIT SIZE         =   ----    ----
END OF MODULE INFORMATION.


C51 COMPILATION COMPLETE.  0 WARNING(S),  0 ERROR(S)
